<?xml version="1.0" encoding="UTF-8"?>
<!-- Generated by org.testng.reporters.JUnitReportReporter -->
<testsuite hostname="LTIN396103" failures="0" tests="1" name="chaitanya.ExtentReports.ExtentReportDemo" time="7.641" errors="0" timestamp="2022-11-29T17:20:49 IST" skipped="0">
  <testcase classname="chaitanya.ExtentReports.ExtentReportDemo" name="initialDemo" time="7.641"/>
  <system-out/>
</testsuite> <!-- chaitanya.ExtentReports.ExtentReportDemo -->
